<?xml version="1.0" encoding="utf-8"?><testsuites name="pytest tests"><testsuite name="pytest" errors="0" failures="0" skipped="0" tests="8" time="23.235" timestamp="2026-04-12T19:48:15.363502+00:00" hostname="agent-env-c8961991-4b12-460b-a22a-beec0550bd55"><testcase classname="tests.test_iteration3_features.TestFourTierSubscription" name="test_get_four_tiers" time="0.217" /><testcase classname="tests.test_iteration3_features.TestReferralSystem" name="test_register_referrer_gets_code" time="0.334" /><testcase classname="tests.test_iteration3_features.TestReferralSystem" name="test_register_with_referral_code" time="0.422" /><testcase classname="tests.test_iteration3_features.TestReferralSystem" name="test_get_referral_info" time="0.100" /><testcase classname="tests.test_iteration3_features.TestHustleLocking" name="test_hustles_locked_for_free_user" time="21.238" /><testcase classname="tests.test_iteration3_features.TestLaunchKitEndpoints" name="test_launch_kit_access_check" time="0.137" /><testcase classname="tests.test_iteration3_features.TestAlacarteKitCheckout" name="test_create_alacarte_kit_checkout" time="0.621" /><testcase classname="tests.test_iteration3_features.TestUpdatedProfileStats" name="test_profile_has_kit_and_referral_stats" time="0.114" /></testsuite></testsuites>