<?xml version="1.0" encoding="utf-8"?><testsuites name="pytest tests"><testsuite name="pytest" errors="0" failures="0" skipped="0" tests="11" time="3.808" timestamp="2026-04-14T02:51:22.325083+00:00" hostname="agent-env-c8961991-4b12-460b-a22a-beec0550bd55"><testcase classname="backend.tests.test_iteration5_features.TestIteration5Features" name="test_questionnaire_has_11_questions_including_blue_collar" time="0.258" /><testcase classname="backend.tests.test_iteration5_features.TestIteration5Features" name="test_public_stats_endpoint" time="0.113" /><testcase classname="backend.tests.test_iteration5_features.TestIteration5Features" name="test_daily_motivation_endpoint" time="0.511" /><testcase classname="backend.tests.test_iteration5_features.TestIteration5Features" name="test_streak_endpoint_initial" time="0.106" /><testcase classname="backend.tests.test_iteration5_features.TestIteration5Features" name="test_earnings_log_and_summary" time="0.349" /><testcase classname="backend.tests.test_iteration5_features.TestIteration5Features" name="test_achievements_endpoint" time="0.340" /><testcase classname="backend.tests.test_iteration5_features.TestIteration5Features" name="test_community_posts_create_and_get" time="0.212" /><testcase classname="backend.tests.test_iteration5_features.TestIteration5Features" name="test_community_post_react" time="0.588" /><testcase classname="backend.tests.test_iteration5_features.TestIteration5Features" name="test_task_completion_flow" time="0.328" /><testcase classname="backend.tests.test_iteration5_features.TestIteration5EdgeCases" name="test_earnings_log_requires_amount" time="0.465" /><testcase classname="backend.tests.test_iteration5_features.TestIteration5EdgeCases" name="test_community_post_requires_content" time="0.481" /></testsuite></testsuites>