<?xml version="1.0" encoding="utf-8"?><testsuites name="pytest tests"><testsuite name="pytest" errors="0" failures="0" skipped="0" tests="6" time="13.755" timestamp="2026-04-12T05:56:17.908686+00:00" hostname="agent-env-c8961991-4b12-460b-a22a-beec0550bd55"><testcase classname="tests.test_monetization_features.TestUpdatedRegistration" name="test_register_creates_new_fields" time="0.517" /><testcase classname="tests.test_monetization_features.TestUpdatedSubscriptionTiers" name="test_tiers_have_plan_limit" time="0.140" /><testcase classname="tests.test_monetization_features.TestPlanAccessEndpoint" name="test_plan_access_free_trial_available" time="12.170" /><testcase classname="tests.test_monetization_features.TestUpdatedProfileStats" name="test_profile_has_updated_stats" time="0.160" /><testcase classname="tests.test_monetization_features.TestAlacarteCheckout" name="test_create_alacarte_checkout" time="0.615" /><testcase classname="tests.test_monetization_features.TestAlacarteCheckout" name="test_alacarte_checkout_requires_hustle_id" time="0.113" /></testsuite></testsuites>