<?xml version="1.0" encoding="utf-8"?><testsuites name="pytest tests"><testsuite name="pytest" errors="0" failures="0" skipped="0" tests="4" time="49.342" timestamp="2026-04-12T21:12:03.453212+00:00" hostname="agent-env-c8961991-4b12-460b-a22a-beec0550bd55"><testcase classname="tests.test_iteration4_design.TestIteration4Backend" name="test_subscription_tiers_4_plans" time="0.269" /><testcase classname="tests.test_iteration4_design.TestIteration4Backend" name="test_register_creates_user_with_referral_code" time="0.381" /><testcase classname="tests.test_iteration4_design.TestIteration4Backend" name="test_hustles_sorted_starter_first_premium_locked" time="24.773" /><testcase classname="tests.test_iteration4_design.TestIteration4Backend" name="test_launch_kit_access_endpoint" time="23.893" /></testsuite></testsuites>