<?xml version="1.0" encoding="utf-8"?><testsuites name="pytest tests"><testsuite name="pytest" errors="0" failures="0" skipped="0" tests="9" time="2.088" timestamp="2026-04-12T04:22:08.257125+00:00" hostname="agent-env-c8961991-4b12-460b-a22a-beec0550bd55"><testcase classname="tests.test_backend_apis.TestAuthEndpoints" name="test_register_new_user" time="0.533" /><testcase classname="tests.test_backend_apis.TestAuthEndpoints" name="test_login_with_credentials" time="0.603" /><testcase classname="tests.test_backend_apis.TestAuthEndpoints" name="test_get_current_user" time="0.147" /><testcase classname="tests.test_backend_apis.TestAuthEndpoints" name="test_get_user_without_token" time="0.143" /><testcase classname="tests.test_backend_apis.TestQuestionnaireEndpoints" name="test_get_questions" time="0.110" /><testcase classname="tests.test_backend_apis.TestQuestionnaireEndpoints" name="test_submit_questionnaire" time="0.169" /><testcase classname="tests.test_backend_apis.TestHustleEndpoints" name="test_get_hustles_empty" time="0.100" /><testcase classname="tests.test_backend_apis.TestProfileEndpoints" name="test_get_profile" time="0.149" /><testcase classname="tests.test_backend_apis.TestSubscriptionEndpoints" name="test_get_subscription_tiers" time="0.098" /></testsuite></testsuites>